2025-11-15 15:28:38 - root - INFO - ==================================================
2025-11-15 15:28:38 - root - INFO - RF Coverage Tool - Starting
2025-11-15 15:28:38 - root - INFO - ==================================================
2025-11-15 15:28:40 - root - INFO - Splash: Inicializando aplicación...
2025-11-15 15:28:40 - root - INFO - Splash: Cargando configuración...
2025-11-15 15:28:40 - root - INFO - Splash: Detectando hardware...
2025-11-15 15:28:48 - root - WARNING - Could not get device details: cudaErrorInsufficientDriver: CUDA driver version is insufficient for CUDA runtime version
2025-11-15 15:28:48 - root - INFO - GPU detected: CUDA Device (Unknown)
2025-11-15 15:28:48 - root - INFO - Splash: Cargando modelos de propagación...
2025-11-15 15:28:48 - root - INFO - Splash: Preparando interfaz...
2025-11-15 15:28:48 - root - WARNING - Could not get device details: cudaErrorInsufficientDriver: CUDA driver version is insufficient for CUDA runtime version
2025-11-15 15:28:48 - root - INFO - GPU detected: CUDA Device (Unknown)
2025-11-15 15:28:48 - root - INFO - Compute engine initialized: GPU
2025-11-15 15:28:48 - MainWindow - INFO - Managers initialized
2025-11-15 15:28:54 - MainWindow - INFO - MainWindow initialized
2025-11-15 15:28:54 - root - INFO - Application ready
2025-11-15 15:29:26 - MapWidget - INFO - Map mode set to: add_antenna
2025-11-15 15:29:27 - MainWindow - INFO - Antenna placed at: -2.904332547283046, -79.01711978094472
2025-11-15 15:29:27 - AntennaManager - INFO - Antenna added: Antenna 1 (22697019-42c9-493e-888a-f596db51d3b3)
2025-11-15 15:29:27 - MapWidget - INFO - Map mode set to: pan
2025-11-15 15:29:34 - MainWindow - INFO - Starting simulation...
2025-11-15 15:29:34 - SimulationWorker - INFO - Starting simulation for 1 antennas
2025-11-15 15:29:34 - CoverageCalculator - INFO - Quick coverage calculation for Antenna 1
2025-11-15 15:29:34 - SimulationWorker - ERROR - Simulation error: cudaErrorInsufficientDriver: CUDA driver version is insufficient for CUDA runtime version
Traceback (most recent call last):
  File "D:\radio\radio-coverage-simulator\src\workers\simulation_worker.py", line 50, in run
    coverage = self.calculator.calculate_single_antenna_quick(
               ^^^^^^^^^^^^^^^^^^^^^^^^^^^^^^^^^^^^^^^^^^^^^^^
  File "D:\radio\radio-coverage-simulator\src\core\coverage_calculator.py", line 205, in calculate_single_antenna_quick
    grid_lats_gpu = self.xp.asarray(grid_lats)
                    ^^^^^^^^^^^^^^^^^^^^^^^^^^
  File "D:\radio\radio-coverage-simulator\.env\Lib\site-packages\cupy\_creation\from_data.py", line 88, in asarray
    return _core.array(a, dtype, False, order, blocking=blocking)
           ^^^^^^^^^^^^^^^^^^^^^^^^^^^^^^^^^^^^^^^^^^^^^^^^^^^^^^
  File "cupy\\_core\\core.pyx", line 2502, in cupy._core.core.array
  File "cupy\\_core\\core.pyx", line 2529, in cupy._core.core.array
  File "cupy\\_core\\core.pyx", line 2714, in cupy._core.core._array_default
  File "cupy\\_core\\core.pyx", line 2662, in cupy._core.core._try_skip_h2d_copy
  File "cupy\\cuda\\device.pyx", line 40, in cupy.cuda.device.get_device_id
  File "cupy_backends\\cuda\\api\\runtime.pyx", line 202, in cupy_backends.cuda.api.runtime.getDevice
  File "cupy_backends\\cuda\\api\\runtime.pyx", line 146, in cupy_backends.cuda.api.runtime.check_status
cupy_backends.cuda.api.runtime.CUDARuntimeError: cudaErrorInsufficientDriver: CUDA driver version is insufficient for CUDA runtime version
2025-11-15 15:29:34 - MainWindow - ERROR - Simulation error: cudaErrorInsufficientDriver: CUDA driver version is insufficient for CUDA runtime version
2025-11-15 16:11:11 - root - INFO - ==================================================
2025-11-15 16:11:11 - root - INFO - RF Coverage Tool - Starting
2025-11-15 16:11:11 - root - INFO - ==================================================
2025-11-15 16:11:13 - root - INFO - Splash: Inicializando aplicación...
2025-11-15 16:11:13 - root - INFO - Splash: Cargando configuración...
2025-11-15 16:11:13 - root - INFO - Splash: Detectando hardware...
2025-11-15 16:11:14 - root - WARNING - Could not get device details: cudaErrorInsufficientDriver: CUDA driver version is insufficient for CUDA runtime version
2025-11-15 16:11:14 - root - INFO - GPU detected: CUDA Device (Unknown)
2025-11-15 16:11:14 - root - INFO - Splash: Cargando modelos de propagación...
2025-11-15 16:11:14 - root - INFO - Splash: Preparando interfaz...
2025-11-15 16:11:15 - root - WARNING - Could not get device details: cudaErrorInsufficientDriver: CUDA driver version is insufficient for CUDA runtime version
2025-11-15 16:11:15 - root - INFO - GPU detected: CUDA Device (Unknown)
2025-11-15 16:11:15 - root - INFO - Compute engine initialized: GPU
2025-11-15 16:11:15 - MainWindow - INFO - Managers initialized
2025-11-15 16:11:19 - MainWindow - INFO - MainWindow initialized
2025-11-15 16:11:19 - root - INFO - Application ready
2025-11-15 16:11:24 - MapWidget - INFO - Map mode set to: add_antenna
2025-11-15 16:11:26 - MainWindow - INFO - Antenna placed at: -2.9029602506640027, -79.00270346146458
2025-11-15 16:11:26 - AntennaManager - INFO - Antenna added: Antenna 1 (aa22a98e-f6a5-4f40-b7e9-d857a0a951e0)
2025-11-15 16:11:26 - MapWidget - INFO - Map mode set to: pan
2025-11-15 16:11:30 - MainWindow - INFO - Starting simulation...
2025-11-15 16:11:30 - SimulationWorker - INFO - Starting simulation for 1 antennas
2025-11-15 16:11:30 - SimulationWorker - ERROR - Simulation error: 'FreeSpacePathLossModel' object has no attribute 'xp'
Traceback (most recent call last):
  File "D:\radio\radio-coverage-simulator\src\workers\simulation_worker.py", line 40, in run
    self.logger.info(f"Model initialized with {model.xp.__name__}")
                                               ^^^^^^^^
AttributeError: 'FreeSpacePathLossModel' object has no attribute 'xp'
2025-11-15 16:11:30 - MainWindow - ERROR - Simulation error: 'FreeSpacePathLossModel' object has no attribute 'xp'
2025-11-15 16:13:23 - root - INFO - ==================================================
2025-11-15 16:13:23 - root - INFO - RF Coverage Tool - Starting
2025-11-15 16:13:23 - root - INFO - ==================================================
2025-11-15 16:13:25 - root - INFO - Splash: Inicializando aplicación...
2025-11-15 16:13:25 - root - INFO - Splash: Cargando configuración...
2025-11-15 16:13:25 - root - INFO - Splash: Detectando hardware...
2025-11-15 16:13:25 - root - WARNING - Could not get device details: cudaErrorInsufficientDriver: CUDA driver version is insufficient for CUDA runtime version
2025-11-15 16:13:25 - root - INFO - GPU detected: CUDA Device (Unknown)
2025-11-15 16:13:25 - root - INFO - Splash: Cargando modelos de propagación...
2025-11-15 16:13:26 - root - INFO - Splash: Preparando interfaz...
2025-11-15 16:13:26 - root - WARNING - Could not get device details: cudaErrorInsufficientDriver: CUDA driver version is insufficient for CUDA runtime version
2025-11-15 16:13:26 - root - INFO - GPU detected: CUDA Device (Unknown)
2025-11-15 16:13:26 - root - INFO - Compute engine initialized: GPU
2025-11-15 16:13:26 - MainWindow - INFO - Managers initialized
2025-11-15 16:13:27 - MainWindow - INFO - MainWindow initialized
2025-11-15 16:13:27 - root - INFO - Application ready
2025-11-15 16:13:33 - MapWidget - INFO - Map mode set to: add_antenna
2025-11-15 16:13:35 - MainWindow - INFO - Antenna placed at: -2.908449427131926, -79.0075089012913
2025-11-15 16:13:35 - AntennaManager - INFO - Antenna added: Antenna 1 (602db319-71c3-4a46-a28d-5247fb68e3e7)
2025-11-15 16:13:35 - MapWidget - INFO - Map mode set to: pan
2025-11-15 16:13:43 - MainWindow - INFO - Starting simulation...
2025-11-15 16:13:43 - SimulationWorker - INFO - Starting simulation for 1 antennas
2025-11-15 16:13:43 - SimulationWorker - ERROR - Simulation error: object.__init__() takes exactly one argument (the instance to initialize)
Traceback (most recent call last):
  File "D:\radio\radio-coverage-simulator\src\workers\simulation_worker.py", line 35, in run
    model = FreeSpacePathLossModel(
            ^^^^^^^^^^^^^^^^^^^^^^^
  File "D:\radio\radio-coverage-simulator\src\core\models\traditional\free_space.py", line 15, in __init__
    super().__init__("Free Space Path Loss", config or {}, compute_module)
TypeError: object.__init__() takes exactly one argument (the instance to initialize)
2025-11-15 16:13:43 - MainWindow - ERROR - Simulation error: object.__init__() takes exactly one argument (the instance to initialize)
2025-11-15 16:16:15 - root - INFO - ==================================================
2025-11-15 16:16:15 - root - INFO - RF Coverage Tool - Starting
2025-11-15 16:16:15 - root - INFO - ==================================================
2025-11-15 16:16:17 - root - INFO - Splash: Inicializando aplicación...
2025-11-15 16:16:17 - root - INFO - Splash: Cargando configuración...
2025-11-15 16:16:17 - root - INFO - Splash: Detectando hardware...
2025-11-15 16:16:17 - root - WARNING - Could not get device details: cudaErrorInsufficientDriver: CUDA driver version is insufficient for CUDA runtime version
2025-11-15 16:16:17 - root - INFO - GPU detected: CUDA Device (Unknown)
2025-11-15 16:16:17 - root - INFO - Splash: Cargando modelos de propagación...
2025-11-15 16:16:17 - root - INFO - Splash: Preparando interfaz...
2025-11-15 16:16:17 - root - WARNING - Could not get device details: cudaErrorInsufficientDriver: CUDA driver version is insufficient for CUDA runtime version
2025-11-15 16:16:17 - root - INFO - GPU detected: CUDA Device (Unknown)
2025-11-15 16:16:17 - root - INFO - Compute engine initialized: GPU
2025-11-15 16:16:17 - MainWindow - INFO - Managers initialized
2025-11-15 16:16:20 - MainWindow - INFO - MainWindow initialized
2025-11-15 16:16:20 - root - INFO - Application ready
2025-11-15 16:16:27 - MapWidget - INFO - Map mode set to: add_antenna
2025-11-15 16:16:28 - MainWindow - INFO - Antenna placed at: -2.9127378276597073, -79.01300083252183
2025-11-15 16:16:28 - AntennaManager - INFO - Antenna added: Antenna 1 (3a41964f-8385-4cd7-b89c-aae1ec4b2cef)
2025-11-15 16:16:28 - MapWidget - INFO - Map mode set to: pan
2025-11-15 16:16:35 - MainWindow - INFO - Starting simulation...
2025-11-15 16:16:35 - SimulationWorker - INFO - Starting simulation for 1 antennas
2025-11-15 16:16:35 - SimulationWorker - ERROR - Simulation error: object.__init__() takes exactly one argument (the instance to initialize)
Traceback (most recent call last):
  File "D:\radio\radio-coverage-simulator\src\workers\simulation_worker.py", line 35, in run
    model = FreeSpacePathLossModel(
            ^^^^^^^^^^^^^^^^^^^^^^^
  File "D:\radio\radio-coverage-simulator\src\core\models\traditional\free_space.py", line 15, in __init__
    super().__init__("Free Space Path Loss", config or {}, compute_module)
TypeError: object.__init__() takes exactly one argument (the instance to initialize)
2025-11-15 16:16:35 - MainWindow - ERROR - Simulation error: object.__init__() takes exactly one argument (the instance to initialize)
2025-11-15 16:20:07 - root - INFO - ==================================================
2025-11-15 16:20:07 - root - INFO - RF Coverage Tool - Starting
2025-11-15 16:20:07 - root - INFO - ==================================================
2025-11-15 16:20:08 - root - INFO - Splash: Inicializando aplicación...
2025-11-15 16:20:08 - root - INFO - Splash: Cargando configuración...
2025-11-15 16:20:08 - root - INFO - Splash: Detectando hardware...
2025-11-15 16:20:09 - root - WARNING - Could not get device details: cudaErrorInsufficientDriver: CUDA driver version is insufficient for CUDA runtime version
2025-11-15 16:20:09 - root - INFO - GPU detected: CUDA Device (Unknown)
2025-11-15 16:20:09 - root - INFO - Splash: Cargando modelos de propagación...
2025-11-15 16:20:09 - root - INFO - Splash: Preparando interfaz...
2025-11-15 16:20:09 - root - WARNING - Could not get device details: cudaErrorInsufficientDriver: CUDA driver version is insufficient for CUDA runtime version
2025-11-15 16:20:09 - root - INFO - GPU detected: CUDA Device (Unknown)
2025-11-15 16:20:09 - root - INFO - Compute engine initialized: GPU
2025-11-15 16:20:09 - MainWindow - INFO - Managers initialized
2025-11-15 16:20:11 - MainWindow - INFO - MainWindow initialized
2025-11-15 16:20:11 - root - INFO - Application ready
2025-11-15 16:20:16 - MapWidget - INFO - Map mode set to: add_antenna
2025-11-15 16:20:17 - MainWindow - INFO - Antenna placed at: -2.910164789301255, -79.00613591848368
2025-11-15 16:20:17 - AntennaManager - INFO - Antenna added: Antenna 1 (705af71e-7fa5-4c7f-8753-45297ec0a80a)
2025-11-15 16:20:17 - MapWidget - INFO - Map mode set to: pan
2025-11-15 16:20:20 - MainWindow - INFO - Starting simulation...
2025-11-15 16:20:20 - SimulationWorker - INFO - Starting simulation for 1 antennas
2025-11-15 16:20:20 - SimulationWorker - INFO - Model initialized with cupy
2025-11-15 16:20:20 - CoverageCalculator - INFO - Quick coverage calculation for Antenna 1
2025-11-15 16:20:20 - SimulationWorker - ERROR - Simulation error: cudaErrorInsufficientDriver: CUDA driver version is insufficient for CUDA runtime version
Traceback (most recent call last):
  File "D:\radio\radio-coverage-simulator\src\workers\simulation_worker.py", line 55, in run
    coverage = self.calculator.calculate_single_antenna_quick(
               ^^^^^^^^^^^^^^^^^^^^^^^^^^^^^^^^^^^^^^^^^^^^^^^
  File "D:\radio\radio-coverage-simulator\src\core\coverage_calculator.py", line 205, in calculate_single_antenna_quick
    grid_lats_gpu = self.xp.asarray(grid_lats)
                    ^^^^^^^^^^^^^^^^^^^^^^^^^^
  File "D:\radio\radio-coverage-simulator\.env\Lib\site-packages\cupy\_creation\from_data.py", line 88, in asarray
    return _core.array(a, dtype, False, order, blocking=blocking)
           ^^^^^^^^^^^^^^^^^^^^^^^^^^^^^^^^^^^^^^^^^^^^^^^^^^^^^^
  File "cupy\\_core\\core.pyx", line 2502, in cupy._core.core.array
  File "cupy\\_core\\core.pyx", line 2529, in cupy._core.core.array
  File "cupy\\_core\\core.pyx", line 2714, in cupy._core.core._array_default
  File "cupy\\_core\\core.pyx", line 2662, in cupy._core.core._try_skip_h2d_copy
  File "cupy\\cuda\\device.pyx", line 40, in cupy.cuda.device.get_device_id
  File "cupy_backends\\cuda\\api\\runtime.pyx", line 202, in cupy_backends.cuda.api.runtime.getDevice
  File "cupy_backends\\cuda\\api\\runtime.pyx", line 146, in cupy_backends.cuda.api.runtime.check_status
cupy_backends.cuda.api.runtime.CUDARuntimeError: cudaErrorInsufficientDriver: CUDA driver version is insufficient for CUDA runtime version
2025-11-15 16:20:20 - MainWindow - ERROR - Simulation error: cudaErrorInsufficientDriver: CUDA driver version is insufficient for CUDA runtime version
