2025-11-03 19:34:12 - root - INFO - ==================================================
2025-11-03 19:34:12 - root - INFO - RF Coverage Tool - Starting
2025-11-03 19:34:12 - root - INFO - ==================================================
2025-11-03 19:34:13 - root - INFO - Splash: Inicializando aplicación...
2025-11-03 19:34:13 - root - INFO - Splash: Cargando configuración...
2025-11-03 19:34:13 - root - INFO - Splash: Detectando hardware...
2025-11-03 19:34:49 - root - ERROR - GPU detection error: 'cupy.cuda.device.Device' object has no attribute 'name'
2025-11-03 19:34:49 - root - INFO - Splash: Cargando modelos de propagación...
2025-11-03 19:34:49 - root - INFO - Splash: Preparando interfaz...
2025-11-03 19:36:02 - root - INFO - ==================================================
2025-11-03 19:36:02 - root - INFO - RF Coverage Tool - Starting
2025-11-03 19:36:02 - root - INFO - ==================================================
2025-11-03 19:36:03 - root - INFO - Splash: Inicializando aplicación...
2025-11-03 19:36:03 - root - INFO - Splash: Cargando configuración...
2025-11-03 19:36:03 - root - INFO - Splash: Detectando hardware...
2025-11-03 19:36:04 - root - ERROR - GPU detection error: 'cupy.cuda.device.Device' object has no attribute 'name'
2025-11-03 19:36:04 - root - INFO - Splash: Cargando modelos de propagación...
2025-11-03 19:36:04 - root - INFO - Splash: Preparando interfaz...
2025-11-03 19:37:12 - root - INFO - ==================================================
2025-11-03 19:37:12 - root - INFO - RF Coverage Tool - Starting
2025-11-03 19:37:12 - root - INFO - ==================================================
2025-11-03 19:37:13 - root - INFO - Splash: Inicializando aplicación...
2025-11-03 19:37:13 - root - INFO - Splash: Cargando configuración...
2025-11-03 19:37:13 - root - INFO - Splash: Detectando hardware...
2025-11-03 19:37:13 - root - ERROR - GPU detection error: 'cupy.cuda.device.Device' object has no attribute 'name'
2025-11-03 19:37:13 - root - INFO - Splash: Cargando modelos de propagación...
2025-11-03 19:37:13 - root - INFO - Splash: Preparando interfaz...
2025-11-03 19:37:13 - root - ERROR - GPU detection error: 'cupy.cuda.device.Device' object has no attribute 'name'
2025-11-03 19:37:13 - root - INFO - Compute engine initialized: GPU
2025-11-03 19:37:13 - MainWindow - INFO - Managers initialized
2025-11-03 19:39:56 - root - INFO - ==================================================
2025-11-03 19:39:56 - root - INFO - RF Coverage Tool - Starting
2025-11-03 19:39:56 - root - INFO - ==================================================
2025-11-03 19:39:57 - root - INFO - Splash: Inicializando aplicación...
2025-11-03 19:39:57 - root - INFO - Splash: Cargando configuración...
2025-11-03 19:39:57 - root - INFO - Splash: Detectando hardware...
2025-11-03 19:40:00 - root - INFO - GPU detected: NVIDIA GeForce GTX 1660 SUPER
2025-11-03 19:40:00 - root - INFO -   Device ID: 0
2025-11-03 19:40:00 - root - INFO -   Compute Capability: 75
2025-11-03 19:40:00 - root - INFO - Splash: Cargando modelos de propagación...
2025-11-03 19:40:00 - root - INFO - Splash: Preparando interfaz...
2025-11-03 19:40:00 - root - INFO - GPU detected: NVIDIA GeForce GTX 1660 SUPER
2025-11-03 19:40:00 - root - INFO -   Device ID: 0
2025-11-03 19:40:00 - root - INFO -   Compute Capability: 75
2025-11-03 19:40:00 - root - INFO - Compute engine initialized: GPU
2025-11-03 19:40:00 - MainWindow - INFO - Managers initialized
2025-11-03 19:42:15 - root - INFO - ==================================================
2025-11-03 19:42:15 - root - INFO - RF Coverage Tool - Starting
2025-11-03 19:42:15 - root - INFO - ==================================================
2025-11-03 19:42:16 - root - INFO - Splash: Inicializando aplicación...
2025-11-03 19:42:16 - root - INFO - Splash: Cargando configuración...
2025-11-03 19:42:16 - root - INFO - Splash: Detectando hardware...
2025-11-03 19:42:16 - root - INFO - GPU detected: NVIDIA GeForce GTX 1660 SUPER
2025-11-03 19:42:16 - root - INFO -   Device ID: 0
2025-11-03 19:42:16 - root - INFO -   Compute Capability: 75
2025-11-03 19:42:16 - root - INFO - Splash: Cargando modelos de propagación...
2025-11-03 19:42:16 - root - INFO - Splash: Preparando interfaz...
2025-11-03 19:42:16 - root - INFO - GPU detected: NVIDIA GeForce GTX 1660 SUPER
2025-11-03 19:42:16 - root - INFO -   Device ID: 0
2025-11-03 19:42:16 - root - INFO -   Compute Capability: 75
2025-11-03 19:42:16 - root - INFO - Compute engine initialized: GPU
2025-11-03 19:42:16 - MainWindow - INFO - Managers initialized
2025-11-03 19:43:43 - root - INFO - ==================================================
2025-11-03 19:43:43 - root - INFO - RF Coverage Tool - Starting
2025-11-03 19:43:43 - root - INFO - ==================================================
2025-11-03 19:43:44 - root - INFO - Splash: Inicializando aplicación...
2025-11-03 19:43:44 - root - INFO - Splash: Cargando configuración...
2025-11-03 19:43:44 - root - INFO - Splash: Detectando hardware...
2025-11-03 19:43:44 - root - INFO - GPU detected: NVIDIA GeForce GTX 1660 SUPER
2025-11-03 19:43:44 - root - INFO -   Device ID: 0
2025-11-03 19:43:44 - root - INFO -   Compute Capability: 75
2025-11-03 19:43:44 - root - INFO - Splash: Cargando modelos de propagación...
2025-11-03 19:43:44 - root - INFO - Splash: Preparando interfaz...
2025-11-03 19:43:44 - root - INFO - GPU detected: NVIDIA GeForce GTX 1660 SUPER
2025-11-03 19:43:44 - root - INFO -   Device ID: 0
2025-11-03 19:43:44 - root - INFO -   Compute Capability: 75
2025-11-03 19:43:44 - root - INFO - Compute engine initialized: GPU
2025-11-03 19:43:44 - MainWindow - INFO - Managers initialized
2025-11-03 19:45:41 - root - INFO - ==================================================
2025-11-03 19:45:41 - root - INFO - RF Coverage Tool - Starting
2025-11-03 19:45:41 - root - INFO - ==================================================
2025-11-03 19:45:42 - root - INFO - Splash: Inicializando aplicación...
2025-11-03 19:45:42 - root - INFO - Splash: Cargando configuración...
2025-11-03 19:45:42 - root - INFO - Splash: Detectando hardware...
2025-11-03 19:45:43 - root - INFO - GPU detected: NVIDIA GeForce GTX 1660 SUPER
2025-11-03 19:45:43 - root - INFO -   Device ID: 0
2025-11-03 19:45:43 - root - INFO -   Compute Capability: 75
2025-11-03 19:45:43 - root - INFO - Splash: Cargando modelos de propagación...
2025-11-03 19:45:43 - root - INFO - Splash: Preparando interfaz...
2025-11-03 19:45:43 - root - INFO - GPU detected: NVIDIA GeForce GTX 1660 SUPER
2025-11-03 19:45:43 - root - INFO -   Device ID: 0
2025-11-03 19:45:43 - root - INFO -   Compute Capability: 75
2025-11-03 19:45:43 - root - INFO - Compute engine initialized: GPU
2025-11-03 19:45:43 - MainWindow - INFO - Managers initialized
2025-11-03 19:46:16 - root - INFO - ==================================================
2025-11-03 19:46:16 - root - INFO - RF Coverage Tool - Starting
2025-11-03 19:46:16 - root - INFO - ==================================================
2025-11-03 19:46:17 - root - INFO - Splash: Inicializando aplicación...
2025-11-03 19:46:17 - root - INFO - Splash: Cargando configuración...
2025-11-03 19:46:17 - root - INFO - Splash: Detectando hardware...
2025-11-03 19:46:17 - root - INFO - GPU detected: NVIDIA GeForce GTX 1660 SUPER
2025-11-03 19:46:17 - root - INFO -   Device ID: 0
2025-11-03 19:46:17 - root - INFO -   Compute Capability: 75
2025-11-03 19:46:17 - root - INFO - Splash: Cargando modelos de propagación...
2025-11-03 19:46:17 - root - INFO - Splash: Preparando interfaz...
2025-11-03 19:46:17 - root - INFO - GPU detected: NVIDIA GeForce GTX 1660 SUPER
2025-11-03 19:46:17 - root - INFO -   Device ID: 0
2025-11-03 19:46:17 - root - INFO -   Compute Capability: 75
2025-11-03 19:46:17 - root - INFO - Compute engine initialized: GPU
2025-11-03 19:46:17 - MainWindow - INFO - Managers initialized
