2026-02-05 21:10:24 - root - INFO - ==================================================
2026-02-05 21:10:24 - root - INFO - RF Coverage Tool - Starting
2026-02-05 21:10:24 - root - INFO - ==================================================
2026-02-05 21:10:25 - root - INFO - Splash: Inicializando aplicación...
2026-02-05 21:10:25 - root - INFO - Splash: Cargando configuración...
2026-02-05 21:10:25 - root - INFO - Splash: Detectando hardware...
2026-02-05 21:10:29 - root - INFO - CuPy imported successfully - GPU available
2026-02-05 21:10:29 - root - INFO - GPU detected: NVIDIA GeForce GTX 1660 SUPER
2026-02-05 21:10:29 - root - INFO -   Device ID: 0
2026-02-05 21:10:29 - root - INFO -   Compute Capability: 75
2026-02-05 21:10:29 - root - INFO - Splash: Cargando modelos de propagación...
2026-02-05 21:10:29 - root - INFO - Splash: Preparando interfaz...
2026-02-05 21:10:31 - root - INFO - GPU detected: NVIDIA GeForce GTX 1660 SUPER
2026-02-05 21:10:31 - root - INFO -   Device ID: 0
2026-02-05 21:10:31 - root - INFO -   Compute Capability: 75
2026-02-05 21:10:31 - root - INFO - Compute engine initialized: GPU
2026-02-05 21:10:31 - MainWindow - INFO - Managers initialized
2026-02-05 21:10:32 - MainWindow - INFO - MainWindow initialized
2026-02-05 21:10:32 - root - INFO - Application ready
2026-02-05 21:11:23 - root - INFO - ==================================================
2026-02-05 21:11:23 - root - INFO - RF Coverage Tool - Starting
2026-02-05 21:11:23 - root - INFO - ==================================================
2026-02-05 21:11:24 - root - INFO - Splash: Inicializando aplicación...
2026-02-05 21:11:24 - root - INFO - Splash: Cargando configuración...
2026-02-05 21:11:24 - root - INFO - Splash: Detectando hardware...
2026-02-05 21:11:29 - root - INFO - CuPy imported successfully - GPU available
2026-02-05 21:11:29 - root - INFO - GPU detected: NVIDIA GeForce GTX 1660 SUPER
2026-02-05 21:11:29 - root - INFO -   Device ID: 0
2026-02-05 21:11:29 - root - INFO -   Compute Capability: 75
2026-02-05 21:11:29 - root - INFO - Splash: Cargando modelos de propagación...
2026-02-05 21:11:29 - root - INFO - Splash: Preparando interfaz...
2026-02-05 21:11:31 - root - INFO - GPU detected: NVIDIA GeForce GTX 1660 SUPER
2026-02-05 21:11:31 - root - INFO -   Device ID: 0
2026-02-05 21:11:31 - root - INFO -   Compute Capability: 75
2026-02-05 21:11:31 - root - INFO - Compute engine initialized: GPU
2026-02-05 21:11:31 - MainWindow - INFO - Managers initialized
2026-02-05 21:11:31 - MainWindow - INFO - MainWindow initialized
2026-02-05 21:11:31 - root - INFO - Application ready
2026-02-05 21:11:39 - MapWidget - INFO - Map mode set to: add_antenna
2026-02-05 21:11:42 - MainWindow - INFO - Antenna placed at: -2.904778114256081, -79.01191771030427
2026-02-05 21:11:42 - AntennaManager - INFO - Antenna added: Antenna 1 (bed14059-21f6-46e0-8fcf-7cd5aec286cb)
2026-02-05 21:11:42 - MapWidget - INFO - Map mode set to: pan
2026-02-05 21:11:47 - MainWindow - INFO - Starting simulation...
2026-02-05 21:11:48 - SimulationWorker - INFO - Starting simulation for 1 antennas
2026-02-05 21:11:48 - CoverageCalculator - INFO - Quick coverage calculation for Antenna 1
2026-02-05 21:11:48 - SimulationWorker - INFO - Simulation completed
2026-02-05 21:11:48 - MainWindow - INFO - Simulation completed
2026-02-05 21:12:32 - MainWindow - ERROR - Error saving project: 'NoneType' object has no attribute 'save_to_file'
2026-02-05 21:14:21 - root - INFO - ==================================================
2026-02-05 21:14:21 - root - INFO - RF Coverage Tool - Starting
2026-02-05 21:14:21 - root - INFO - ==================================================
2026-02-05 21:14:22 - root - INFO - Splash: Inicializando aplicación...
2026-02-05 21:14:22 - root - INFO - Splash: Cargando configuración...
2026-02-05 21:14:22 - root - INFO - Splash: Detectando hardware...
2026-02-05 21:14:27 - root - INFO - CuPy imported successfully - GPU available
2026-02-05 21:14:27 - root - INFO - GPU detected: NVIDIA GeForce GTX 1660 SUPER
2026-02-05 21:14:27 - root - INFO -   Device ID: 0
2026-02-05 21:14:27 - root - INFO -   Compute Capability: 75
2026-02-05 21:14:27 - root - INFO - Splash: Cargando modelos de propagación...
2026-02-05 21:14:27 - root - INFO - Splash: Preparando interfaz...
2026-02-05 21:14:28 - root - INFO - GPU detected: NVIDIA GeForce GTX 1660 SUPER
2026-02-05 21:14:28 - root - INFO -   Device ID: 0
2026-02-05 21:14:28 - root - INFO -   Compute Capability: 75
2026-02-05 21:14:28 - root - INFO - Compute engine initialized: GPU
2026-02-05 21:14:28 - MainWindow - INFO - Managers initialized
2026-02-05 21:14:29 - MainWindow - INFO - Default project created
2026-02-05 21:14:29 - MainWindow - INFO - MainWindow initialized
2026-02-05 21:14:29 - root - INFO - Application ready
2026-02-05 21:14:35 - MapWidget - INFO - Map mode set to: add_antenna
2026-02-05 21:14:37 - MainWindow - INFO - Antenna placed at: -2.910039192008329, -79.00980949401855
2026-02-05 21:14:37 - AntennaManager - INFO - Antenna added: Antenna 1 (80a7ec60-ff1b-46ef-ba05-5a5ffa5b6f4c)
2026-02-05 21:14:37 - MapWidget - INFO - Map mode set to: pan
2026-02-05 21:14:41 - MainWindow - INFO - Starting simulation...
2026-02-05 21:14:42 - SimulationWorker - INFO - Starting simulation for 1 antennas
2026-02-05 21:14:42 - CoverageCalculator - INFO - Quick coverage calculation for Antenna 1
2026-02-05 21:14:42 - SimulationWorker - INFO - Simulation completed
2026-02-05 21:14:42 - MainWindow - INFO - Simulation completed
2026-02-05 21:15:00 - MainWindow - INFO - Project saved as: G:/My Drive/Universidad/Tesis/data/projects/prueba2.rfproj
2026-02-05 21:15:08 - MapWidget - INFO - All antenna markers cleared
2026-02-05 21:15:08 - MainWindow - INFO - New project created
2026-02-05 21:15:25 - root - INFO - ==================================================
2026-02-05 21:15:25 - root - INFO - RF Coverage Tool - Starting
2026-02-05 21:15:25 - root - INFO - ==================================================
2026-02-05 21:15:27 - root - INFO - Splash: Inicializando aplicación...
2026-02-05 21:15:27 - root - INFO - Splash: Cargando configuración...
2026-02-05 21:15:27 - root - INFO - Splash: Detectando hardware...
2026-02-05 21:15:31 - root - INFO - CuPy imported successfully - GPU available
2026-02-05 21:15:31 - root - INFO - GPU detected: NVIDIA GeForce GTX 1660 SUPER
2026-02-05 21:15:31 - root - INFO -   Device ID: 0
2026-02-05 21:15:31 - root - INFO -   Compute Capability: 75
2026-02-05 21:15:31 - root - INFO - Splash: Cargando modelos de propagación...
2026-02-05 21:15:31 - root - INFO - Splash: Preparando interfaz...
2026-02-05 21:15:33 - root - INFO - GPU detected: NVIDIA GeForce GTX 1660 SUPER
2026-02-05 21:15:33 - root - INFO -   Device ID: 0
2026-02-05 21:15:33 - root - INFO -   Compute Capability: 75
2026-02-05 21:15:33 - root - INFO - Compute engine initialized: GPU
2026-02-05 21:15:33 - MainWindow - INFO - Managers initialized
2026-02-05 21:15:33 - MainWindow - INFO - Default project created
2026-02-05 21:15:33 - MainWindow - INFO - MainWindow initialized
2026-02-05 21:15:33 - root - INFO - Application ready
2026-02-05 21:15:42 - MapWidget - INFO - All antenna markers cleared
2026-02-05 21:15:42 - MapWidget - INFO - All coverage layers cleared
2026-02-05 21:15:42 - MainWindow - INFO - Project loaded: G:/My Drive/Universidad/Tesis/data/projects/prueba2.rfproj
2026-02-05 21:16:23 - MainWindow - INFO - Starting simulation...
2026-02-05 21:16:24 - SimulationWorker - INFO - Starting simulation for 1 antennas
2026-02-05 21:16:24 - CoverageCalculator - INFO - Quick coverage calculation for Antenna 1
2026-02-05 21:16:24 - SimulationWorker - INFO - Simulation completed
2026-02-05 21:16:24 - MainWindow - INFO - Simulation completed
2026-02-05 21:18:45 - root - INFO - ==================================================
2026-02-05 21:18:45 - root - INFO - RF Coverage Tool - Starting
2026-02-05 21:18:45 - root - INFO - ==================================================
2026-02-05 21:18:46 - root - INFO - Splash: Inicializando aplicación...
2026-02-05 21:18:46 - root - INFO - Splash: Cargando configuración...
2026-02-05 21:18:46 - root - INFO - Splash: Detectando hardware...
2026-02-05 21:18:51 - root - INFO - CuPy imported successfully - GPU available
2026-02-05 21:18:51 - root - INFO - GPU detected: NVIDIA GeForce GTX 1660 SUPER
2026-02-05 21:18:51 - root - INFO -   Device ID: 0
2026-02-05 21:18:51 - root - INFO -   Compute Capability: 75
2026-02-05 21:18:51 - root - INFO - Splash: Cargando modelos de propagación...
2026-02-05 21:18:51 - root - INFO - Splash: Preparando interfaz...
2026-02-05 21:18:52 - root - INFO - GPU detected: NVIDIA GeForce GTX 1660 SUPER
2026-02-05 21:18:52 - root - INFO -   Device ID: 0
2026-02-05 21:18:52 - root - INFO -   Compute Capability: 75
2026-02-05 21:18:52 - root - INFO - Compute engine initialized: GPU
2026-02-05 21:18:52 - MainWindow - INFO - Managers initialized
2026-02-05 21:18:53 - MainWindow - INFO - Default project created
2026-02-05 21:18:53 - MainWindow - INFO - MainWindow initialized
2026-02-05 21:18:53 - root - INFO - Application ready
2026-02-05 21:19:13 - MapWidget - INFO - All antenna markers cleared
2026-02-05 21:19:13 - MapWidget - INFO - All coverage layers cleared
2026-02-05 21:19:13 - MainWindow - INFO - Project loaded: G:/My Drive/Universidad/Tesis/data/projects/prueba2.rfproj
2026-02-05 21:19:17 - MainWindow - INFO - Starting simulation...
2026-02-05 21:19:18 - SimulationWorker - INFO - Starting simulation for 1 antennas
2026-02-05 21:19:18 - CoverageCalculator - INFO - Quick coverage calculation for Antenna 1
2026-02-05 21:19:18 - SimulationWorker - INFO - Simulation completed
2026-02-05 21:19:18 - MainWindow - INFO - Simulation completed
2026-02-05 21:19:27 - MapWidget - INFO - All antenna markers cleared
2026-02-05 21:19:27 - MapWidget - INFO - All coverage layers cleared
2026-02-05 21:19:27 - MainWindow - INFO - New project created
2026-02-05 21:19:33 - MapWidget - INFO - All antenna markers cleared
2026-02-05 21:19:33 - MapWidget - INFO - All coverage layers cleared
2026-02-05 21:19:33 - MainWindow - INFO - Project loaded: G:/My Drive/Universidad/Tesis/data/projects/prueba2.rfproj
2026-02-05 21:19:35 - MapWidget - INFO - All antenna markers cleared
2026-02-05 21:19:35 - MapWidget - INFO - All coverage layers cleared
2026-02-05 21:19:35 - MainWindow - INFO - New project created
2026-02-05 21:20:03 - MapWidget - INFO - Map mode set to: add_antenna
2026-02-05 21:20:07 - MapWidget - INFO - Map mode set to: pan
2026-02-05 21:20:24 - MapWidget - INFO - Map mode set to: add_antenna
2026-02-05 21:20:25 - MainWindow - INFO - Antenna placed at: -2.9411551238168387, -78.9836311340332
2026-02-05 21:20:25 - AntennaManager - INFO - Antenna added: Antenna 1 (504c9805-5184-445a-a27f-ab458c72a7d9)
2026-02-05 21:20:25 - MapWidget - INFO - Map mode set to: pan
2026-02-05 21:21:31 - root - INFO - ==================================================
2026-02-05 21:21:31 - root - INFO - RF Coverage Tool - Starting
2026-02-05 21:21:31 - root - INFO - ==================================================
2026-02-05 21:21:32 - root - INFO - Splash: Inicializando aplicación...
2026-02-05 21:21:32 - root - INFO - Splash: Cargando configuración...
2026-02-05 21:21:33 - root - INFO - Splash: Detectando hardware...
2026-02-05 21:21:37 - root - INFO - CuPy imported successfully - GPU available
2026-02-05 21:21:37 - root - INFO - GPU detected: NVIDIA GeForce GTX 1660 SUPER
2026-02-05 21:21:37 - root - INFO -   Device ID: 0
2026-02-05 21:21:37 - root - INFO -   Compute Capability: 75
2026-02-05 21:21:37 - root - INFO - Splash: Cargando modelos de propagación...
2026-02-05 21:21:37 - root - INFO - Splash: Preparando interfaz...
2026-02-05 21:21:38 - root - INFO - GPU detected: NVIDIA GeForce GTX 1660 SUPER
2026-02-05 21:21:38 - root - INFO -   Device ID: 0
2026-02-05 21:21:38 - root - INFO -   Compute Capability: 75
2026-02-05 21:21:38 - root - INFO - Compute engine initialized: GPU
2026-02-05 21:21:38 - MainWindow - INFO - Managers initialized
2026-02-05 21:21:39 - MainWindow - INFO - Default project created
2026-02-05 21:21:39 - MainWindow - INFO - MainWindow initialized
2026-02-05 21:21:39 - root - INFO - Application ready
2026-02-05 21:21:44 - MapWidget - INFO - Map mode set to: add_antenna
2026-02-05 21:21:44 - MainWindow - INFO - Antenna placed at: -2.9051531409770095, -79.0155601501465
2026-02-05 21:21:44 - AntennaManager - INFO - Antenna added: Antenna 1 (b9efea7b-6366-4d4e-bc0b-b71830b81c86)
2026-02-05 21:21:44 - MapWidget - INFO - Map mode set to: pan
2026-02-05 21:27:44 - root - INFO - ==================================================
2026-02-05 21:27:44 - root - INFO - RF Coverage Tool - Starting
2026-02-05 21:27:44 - root - INFO - ==================================================
2026-02-05 21:27:46 - root - INFO - Splash: Inicializando aplicación...
2026-02-05 21:27:46 - root - INFO - Splash: Cargando configuración...
2026-02-05 21:27:46 - root - INFO - Splash: Detectando hardware...
2026-02-05 21:27:50 - root - INFO - CuPy imported successfully - GPU available
2026-02-05 21:27:50 - root - INFO - GPU detected: NVIDIA GeForce GTX 1660 SUPER
2026-02-05 21:27:50 - root - INFO -   Device ID: 0
2026-02-05 21:27:50 - root - INFO -   Compute Capability: 75
2026-02-05 21:27:50 - root - INFO - Splash: Cargando modelos de propagación...
2026-02-05 21:27:50 - root - INFO - Splash: Preparando interfaz...
2026-02-05 21:27:52 - root - INFO - GPU detected: NVIDIA GeForce GTX 1660 SUPER
2026-02-05 21:27:52 - root - INFO -   Device ID: 0
2026-02-05 21:27:52 - root - INFO -   Compute Capability: 75
2026-02-05 21:27:52 - root - INFO - Compute engine initialized: GPU
2026-02-05 21:27:52 - MainWindow - INFO - Managers initialized
2026-02-05 21:27:52 - MainWindow - INFO - Default project created
2026-02-05 21:27:52 - MainWindow - INFO - MainWindow initialized
2026-02-05 21:27:52 - root - INFO - Application ready
2026-02-05 21:28:13 - MapWidget - INFO - All antenna markers cleared
2026-02-05 21:28:13 - MapWidget - INFO - All coverage layers cleared
2026-02-05 21:28:13 - MainWindow - INFO - Project loaded: G:/My Drive/Universidad/Tesis/data/projects/prueba2.rfproj
2026-02-05 21:28:23 - MainWindow - INFO - Starting simulation...
2026-02-05 21:28:24 - SimulationWorker - INFO - Starting simulation for 1 antennas
2026-02-05 21:28:24 - SimulationWorker - INFO - Using propagation model: free_space
2026-02-05 21:28:24 - CoverageCalculator - INFO - Quick coverage calculation for Antenna 1
2026-02-05 21:28:24 - SimulationWorker - INFO - Simulation completed
2026-02-05 21:28:24 - MainWindow - INFO - Simulation completed
2026-02-05 21:28:32 - MapWidget - INFO - All antenna markers cleared
2026-02-05 21:28:32 - MapWidget - INFO - All coverage layers cleared
2026-02-05 21:28:32 - MainWindow - INFO - New project created
2026-02-05 21:28:34 - MapWidget - INFO - Map mode set to: add_antenna
2026-02-05 21:28:35 - MainWindow - INFO - Antenna placed at: -2.904467377735805, -79.01178359985353
2026-02-05 21:28:35 - AntennaManager - INFO - Antenna added: Antenna 1 (47b6fcd2-c543-4844-9166-f6e5a0b34667)
2026-02-05 21:28:35 - MapWidget - INFO - Map mode set to: pan
2026-02-05 21:28:40 - MainWindow - INFO - Starting simulation...
2026-02-05 21:28:40 - SimulationWorker - INFO - Starting simulation for 1 antennas
2026-02-05 21:28:40 - SimulationWorker - INFO - Using propagation model: okumura_hata
2026-02-05 21:28:40 - CoverageCalculator - INFO - Quick coverage calculation for Antenna 1
2026-02-05 21:28:41 - SimulationWorker - INFO - Simulation completed
2026-02-05 21:28:41 - MainWindow - INFO - Simulation completed
2026-02-05 21:32:46 - root - INFO - ==================================================
2026-02-05 21:32:46 - root - INFO - RF Coverage Tool - Starting
2026-02-05 21:32:46 - root - INFO - ==================================================
2026-02-05 21:32:47 - root - INFO - Splash: Inicializando aplicación...
2026-02-05 21:32:47 - root - INFO - Splash: Cargando configuración...
2026-02-05 21:32:47 - root - INFO - Splash: Detectando hardware...
2026-02-05 21:32:51 - root - INFO - CuPy imported successfully - GPU available
2026-02-05 21:32:52 - root - INFO - GPU detected: NVIDIA GeForce GTX 1660 SUPER
2026-02-05 21:32:52 - root - INFO -   Device ID: 0
2026-02-05 21:32:52 - root - INFO -   Compute Capability: 75
2026-02-05 21:32:52 - root - INFO - Splash: Cargando modelos de propagación...
2026-02-05 21:32:52 - root - INFO - Splash: Preparando interfaz...
2026-02-05 21:32:53 - root - INFO - GPU detected: NVIDIA GeForce GTX 1660 SUPER
2026-02-05 21:32:53 - root - INFO -   Device ID: 0
2026-02-05 21:32:53 - root - INFO -   Compute Capability: 75
2026-02-05 21:32:53 - root - INFO - Compute engine initialized: GPU
2026-02-05 21:32:53 - MainWindow - INFO - Managers initialized
2026-02-05 21:32:54 - MainWindow - INFO - Default project created
2026-02-05 21:32:54 - MainWindow - INFO - MainWindow initialized
2026-02-05 21:32:54 - root - INFO - Application ready
2026-02-05 21:33:13 - MapWidget - INFO - Map mode set to: add_antenna
2026-02-05 21:33:14 - MainWindow - INFO - Antenna placed at: -2.9010385552852487, -79.00302886962892
2026-02-05 21:33:14 - AntennaManager - INFO - Antenna added: Antenna 1 (d1a6aff2-a208-4027-9ed5-860e17615194)
2026-02-05 21:33:14 - MapWidget - INFO - Map mode set to: pan
2026-02-05 21:33:26 - AntennaManager - INFO - Antenna updated: d1a6aff2-a208-4027-9ed5-860e17615194
2026-02-05 21:33:26 - ProjectPanel - INFO - Antenna properties updated: d1a6aff2-a208-4027-9ed5-860e17615194
2026-02-05 21:33:32 - MainWindow - INFO - Starting simulation...
2026-02-05 21:33:33 - SimulationWorker - INFO - Starting simulation for 1 antennas
2026-02-05 21:33:33 - SimulationWorker - INFO - Using propagation model: free_space
2026-02-05 21:33:33 - CoverageCalculator - INFO - Quick coverage calculation for Antenna 1
2026-02-05 21:33:33 - SimulationWorker - INFO - Simulation completed
2026-02-05 21:33:33 - MainWindow - INFO - Simulation completed
2026-02-05 21:33:48 - AntennaManager - INFO - Antenna updated: d1a6aff2-a208-4027-9ed5-860e17615194
2026-02-05 21:33:48 - ProjectPanel - INFO - Antenna properties updated: d1a6aff2-a208-4027-9ed5-860e17615194
2026-02-05 21:33:53 - MainWindow - INFO - Starting simulation...
2026-02-05 21:33:53 - SimulationWorker - INFO - Starting simulation for 1 antennas
2026-02-05 21:33:53 - SimulationWorker - INFO - Using propagation model: free_space
2026-02-05 21:33:53 - CoverageCalculator - INFO - Quick coverage calculation for Antenna 1
2026-02-05 21:33:53 - SimulationWorker - INFO - Simulation completed
2026-02-05 21:33:53 - MainWindow - INFO - Simulation completed
2026-02-05 21:51:41 - root - INFO - ==================================================
2026-02-05 21:51:41 - root - INFO - RF Coverage Tool - Starting
2026-02-05 21:51:41 - root - INFO - ==================================================
2026-02-05 21:51:42 - root - INFO - Splash: Inicializando aplicación...
2026-02-05 21:51:42 - root - INFO - Splash: Cargando configuración...
2026-02-05 21:51:42 - root - INFO - Splash: Detectando hardware...
2026-02-05 21:51:46 - root - INFO - CuPy imported successfully - GPU available
2026-02-05 21:51:46 - root - INFO - GPU detected: NVIDIA GeForce GTX 1660 SUPER
2026-02-05 21:51:46 - root - INFO -   Device ID: 0
2026-02-05 21:51:46 - root - INFO -   Compute Capability: 75
2026-02-05 21:51:46 - root - INFO - Splash: Cargando modelos de propagación...
2026-02-05 21:51:46 - root - INFO - Splash: Preparando interfaz...
2026-02-05 21:51:48 - root - INFO - GPU detected: NVIDIA GeForce GTX 1660 SUPER
2026-02-05 21:51:48 - root - INFO -   Device ID: 0
2026-02-05 21:51:48 - root - INFO -   Compute Capability: 75
2026-02-05 21:51:48 - root - INFO - Compute engine initialized: GPU
2026-02-05 21:51:48 - MainWindow - INFO - Managers initialized
2026-02-05 21:51:48 - MainWindow - INFO - Default project created
2026-02-05 21:51:48 - MainWindow - INFO - MainWindow initialized
2026-02-05 21:51:48 - root - INFO - Application ready
2026-02-05 22:47:38 - MapWidget - INFO - Map mode set to: add_antenna
2026-02-05 22:47:42 - MainWindow - INFO - Antenna placed at: -2.907939049860159, -79.01204109191896
2026-02-05 22:47:42 - AntennaManager - INFO - Antenna added: Antenna 1 (7cc76701-0319-4a44-a493-2cb7661a6d06)
2026-02-05 22:47:42 - MapWidget - INFO - Map mode set to: pan
2026-02-05 22:49:01 - AntennaManager - INFO - Antenna updated: 7cc76701-0319-4a44-a493-2cb7661a6d06
2026-02-05 22:49:01 - ProjectPanel - INFO - Antenna properties updated: 7cc76701-0319-4a44-a493-2cb7661a6d06
2026-02-05 22:51:24 - MainWindow - INFO - Starting simulation...
2026-02-05 22:51:26 - SimulationWorker - INFO - Starting simulation for 1 antennas
2026-02-05 22:51:26 - SimulationWorker - INFO - Using propagation model: free_space
2026-02-05 22:51:26 - CoverageCalculator - INFO - Quick coverage calculation for Antenna 1
2026-02-05 22:51:26 - SimulationWorker - INFO - Simulation completed
2026-02-05 22:51:26 - MainWindow - INFO - Simulation completed
